<?xml version="1.0" encoding="UTF-8"?>
<testsuite xmlns:xsi="http://www.w3.org/2001/XMLSchema-instance" xsi:noNamespaceSchemaLocation="https://maven.apache.org/surefire/maven-surefire-plugin/xsd/surefire-test-report-3.0.xsd" version="3.0" name="TestSuite" time="124.906" tests="1" errors="0" skipped="0" failures="0">
  <properties>
[...]
</properties>
  <testcase name="testmethod1" classname="com.testSuite.TC_captureTableContent" time="116.886">
    <system-out><![CDATA[ele size 18
C:\Users\Pushyaraj\eclipse-workspace\Pavithra_FinalExam_Project\Reports\screenshots\Screenshot_09_02_2025_09_46_31
11
Financial terms of the winning bid
Price offered
(per $100 of the nominal amount)
98.53800
Maturity
Nominal value
($)
Annual
coupon rate
(%) (1)
February 19, 2026
274 000
2.85
February 19, 2027
285 000
3.00
February 19, 2028
296 000
3.10
February 19, 2029
308 000
3.15
February 19, 2030 (2)
4 065 000
3.25
Total
5 228 000
n/a
Borrower’s cost (3)
3.58714 %
Weighted average maturity based on nominal value of the bonds issue
53 months
Excel file created successfully.
C:\Users\Pushyaraj\eclipse-workspace\Pavithra_FinalExam_Project\Reports\screenshots\Screenshot_09_02_2025_09_46_34
C:\Users\Pushyaraj\eclipse-workspace\Pavithra_FinalExam_Project\Reports\screenshots\Screenshot_09_02_2025_09_46_35
11
Financial terms of the winning bid
Price offered
(per $100 of the nominal amount)
98.64300
Maturity
Nominal value
($)
Annual
coupon rate
(%) (1)
February 19, 2026
328 000
2.85
February 19, 2027
341 000
3.00
February 19, 2028
354 000
3.10
February 19, 2029
368 000
3.15
February 19, 2030 (2)
3 738 000
3.25
Total
5 129 000
n/a
Borrower’s cost (3)
3.56424 %
Weighted average maturity based on nominal value of the bonds issue
52 months
Excel file created successfully.
C:\Users\Pushyaraj\eclipse-workspace\Pavithra_FinalExam_Project\Reports\screenshots\Screenshot_09_02_2025_09_46_38
C:\Users\Pushyaraj\eclipse-workspace\Pavithra_FinalExam_Project\Reports\screenshots\Screenshot_09_02_2025_09_46_39
11
Financial terms of the winning bid
Price offered
(per $100 of the nominal amount)
98.30800
Maturity
Nominal value
($)
Annual
coupon rate
(%) (1)
February 19, 2026
195 000
2.50
February 19, 2027
202 000
2.50
February 19, 2028
210 000
2.75
February 19, 2029
218 000
3.00
February 19, 2030 (2)
7 175 000
3.25
Total
8 000 000
n/a
Borrower’s cost (3)
3.61514 %
Weighted average maturity based on nominal value of the bonds issue
57 months
Excel file created successfully.
C:\Users\Pushyaraj\eclipse-workspace\Pavithra_FinalExam_Project\Reports\screenshots\Screenshot_09_02_2025_09_46_42
C:\Users\Pushyaraj\eclipse-workspace\Pavithra_FinalExam_Project\Reports\screenshots\Screenshot_09_02_2025_09_46_43
11
Financial terms of the winning bid
Price offered
(per $100 of the nominal amount)
99.19642
Maturity
Nominal value
($)
Annual
coupon rate
(%) (1)
February 18, 2026
829 000
2.95
February 18, 2027
863 000
3.05
February 18, 2028
898 000
3.10
February 18, 2029
935 000
3.20
February 18, 2030 (2)
1 604 000
3.35
Total
5 129 000
n/a
Borrower’s cost (3)
3.48632 %
Weighted average maturity based on nominal value of the bonds issue
40 months
Excel file created successfully.
C:\Users\Pushyaraj\eclipse-workspace\Pavithra_FinalExam_Project\Reports\screenshots\Screenshot_09_02_2025_09_46_46
C:\Users\Pushyaraj\eclipse-workspace\Pavithra_FinalExam_Project\Reports\screenshots\Screenshot_09_02_2025_09_46_47
11
Financial terms of the winning bid
Price offered
(per $100 of the nominal amount)
99.09174
Maturity
Nominal value
($)
Annual
coupon rate
(%) (1)
February 18, 2026
402 000
2.95
February 18, 2027
417 000
3.05
February 18, 2028
433 000
3.10
February 18, 2029
232 000
3.20
February 18, 2030 (2)
1 486 000
3.35
Total
2 970 000
n/a
Borrower’s cost (3)
3.53622 %
Weighted average maturity based on nominal value of the bonds issue
44 months
Excel file created successfully.
C:\Users\Pushyaraj\eclipse-workspace\Pavithra_FinalExam_Project\Reports\screenshots\Screenshot_09_02_2025_09_46_50
C:\Users\Pushyaraj\eclipse-workspace\Pavithra_FinalExam_Project\Reports\screenshots\Screenshot_09_02_2025_09_46_52
11
Financial terms of the winning bid
Price offered
(per $100 of the nominal amount)
98.58700
Maturity
Nominal value
($)
Annual
coupon rate
(%) (1)
February 18, 2026
189 000
2.90
February 18, 2027
197 000
3.00
February 18, 2028
205 000
3.10
February 18, 2029
213 000
3.15
February 18, 2030 (2)
2 820 000
3.25
Total
3 624 000
n/a
Borrower’s cost (3)
3.57555 %
Weighted average maturity based on nominal value of the bonds issue
54 months
Excel file created successfully.
C:\Users\Pushyaraj\eclipse-workspace\Pavithra_FinalExam_Project\Reports\screenshots\Screenshot_09_02_2025_09_46_55
C:\Users\Pushyaraj\eclipse-workspace\Pavithra_FinalExam_Project\Reports\screenshots\Screenshot_09_02_2025_09_46_56
11
Financial terms of the winning bid
Price offered
(per $100 of the nominal amount)
98.65700
Maturity
Nominal value
($)
Annual
coupon rate
(%) (1)
February 18, 2026
81 000
2.90
February 18, 2027
85 000
3.00
February 18, 2028
88 000
3.10
February 18, 2029
91 000
3.15
February 18, 2030 (2)
1 729 000
3.30
Total
2 074 000
n/a
Borrower’s cost (3)
3.60035 %
Weighted average maturity based on nominal value of the bonds issue
55 months
Excel file created successfully.
C:\Users\Pushyaraj\eclipse-workspace\Pavithra_FinalExam_Project\Reports\screenshots\Screenshot_09_02_2025_09_46_59
C:\Users\Pushyaraj\eclipse-workspace\Pavithra_FinalExam_Project\Reports\screenshots\Screenshot_09_02_2025_09_47_00
11
Financial terms of the winning bid
Price offered
(per $100 of the nominal amount)
98.96100
Maturity
Nominal value
($)
Annual
coupon rate
(%) (1)
February 14, 2026
166 000
2.50
February 14, 2027
173 000
2.50
February 14, 2028
180 000
2.75
February 14, 2029
188 000
3.25
February 14, 2030 (2)
2 860 000
3.50
Total
3 567 000
n/a
Borrower’s cost (3)
3.68166 %
Weighted average maturity based on nominal value of the bonds issue
54 months
Excel file created successfully.
C:\Users\Pushyaraj\eclipse-workspace\Pavithra_FinalExam_Project\Reports\screenshots\Screenshot_09_02_2025_09_47_03
C:\Users\Pushyaraj\eclipse-workspace\Pavithra_FinalExam_Project\Reports\screenshots\Screenshot_09_02_2025_09_47_04
11
Financial terms of the winning bid
Price offered
(per $100 of the nominal amount)
98.41000
Maturity
Nominal value
($)
Annual
coupon rate
(%) (1)
February 14, 2026
111 000
3.00
February 14, 2027
116 000
3.05
February 14, 2028
120 000
3.10
February 14, 2029
125 000
3.20
February 14, 2030 (2)
2 523 000
3.35
Total
2 995 000
n/a
Borrower’s cost (3)
3.70901 %
Weighted average maturity based on nominal value of the bonds issue
55 months
Excel file created successfully.
C:\Users\Pushyaraj\eclipse-workspace\Pavithra_FinalExam_Project\Reports\screenshots\Screenshot_09_02_2025_09_47_07
C:\Users\Pushyaraj\eclipse-workspace\Pavithra_FinalExam_Project\Reports\screenshots\Screenshot_09_02_2025_09_47_08
11
Financial terms of the winning bid
Price offered
(per $100 of the nominal amount)
98.63400
Maturity
Nominal value
($)
Annual
coupon rate
(%) (1)
February 14, 2026
186 000
2.90
February 14, 2027
194 000
3.00
February 14, 2028
201 000
3.10
February 14, 2029
209 000
3.20
February 14, 2030 (2)
1 507 000
3.30
Total
2 297 000
n/a
Borrower’s cost (3)
3.61664 %
Weighted average maturity based on nominal value of the bonds issue
50 months
Excel file created successfully.
C:\Users\Pushyaraj\eclipse-workspace\Pavithra_FinalExam_Project\Reports\screenshots\Screenshot_09_02_2025_09_47_44
C:\Users\Pushyaraj\eclipse-workspace\Pavithra_FinalExam_Project\Reports\screenshots\Screenshot_09_02_2025_09_47_45
11
Financial terms of the winning bid
Price offered
(per $100 of the nominal amount)
98.58400
Maturity
Nominal value
($)
Annual
coupon rate
(%) (1)
February 14, 2026
375 000
2.90
February 14, 2027
391 000
3.00
February 14, 2028
408 000
3.10
February 14, 2029
425 000
3.20
February 14, 2030 (2)
2 959 000
3.30
Total
4 558 000
n/a
Borrower’s cost (3)
3.63024 %
Weighted average maturity based on nominal value of the bonds issue
50 months
Excel file created successfully.
C:\Users\Pushyaraj\eclipse-workspace\Pavithra_FinalExam_Project\Reports\screenshots\Screenshot_09_02_2025_09_47_53
C:\Users\Pushyaraj\eclipse-workspace\Pavithra_FinalExam_Project\Reports\screenshots\Screenshot_09_02_2025_09_47_54
11
Financial terms of the winning bid
Price offered
(per $100 of the nominal amount)
98.40700
Maturity
Nominal value
($)
Annual
coupon rate
(%) (1)
February 13, 2026
399 000
2.95
February 13, 2027
414 000
2.95
February 13, 2028
430 000
3.00
February 13, 2029
448 000
3.15
February 13, 2030 (2)
2 665 000
3.25
Total
4 356 000
n/a
Borrower’s cost (3)
3.62916 %
Weighted average maturity based on nominal value of the bonds issue
49 months
Excel file created successfully.
C:\Users\Pushyaraj\eclipse-workspace\Pavithra_FinalExam_Project\Reports\screenshots\Screenshot_09_02_2025_09_47_58
C:\Users\Pushyaraj\eclipse-workspace\Pavithra_FinalExam_Project\Reports\screenshots\Screenshot_09_02_2025_09_48_00
11
Financial terms of the winning bid
Price offered
(per $100 of the nominal amount)
98.29600
Maturity
Nominal value
($)
Annual
coupon rate
(%) (1)
February 13, 2026
179 000
2.95
February 13, 2027
186 000
2.95
February 13, 2028
194 000
3.00
February 13, 2029
202 000
3.15
February 13, 2030 (2)
2 201 000
3.25
Total
2 962 000
n/a
Borrower’s cost (3)
3.64638 %
Weighted average maturity based on nominal value of the bonds issue
52 months
Excel file created successfully.
C:\Users\Pushyaraj\eclipse-workspace\Pavithra_FinalExam_Project\Reports\screenshots\Screenshot_09_02_2025_09_48_03
C:\Users\Pushyaraj\eclipse-workspace\Pavithra_FinalExam_Project\Reports\screenshots\Screenshot_09_02_2025_09_48_04
11
Financial terms of the winning bid
Price offered
(per $100 of the nominal amount)
98.78900
Maturity
Nominal value
($)
Annual
coupon rate
(%) (1)
February 10, 2026
266 000
3.00
February 10, 2027
277 000
3.10
February 10, 2028
287 000
3.25
February 10, 2029
298 000
3.40
February 10, 2030 (2)
2 279 000
3.50
Total
3 407 000
n/a
Borrower’s cost (3)
3.76741 %
Weighted average maturity based on nominal value of the bonds issue
50 months
Excel file created successfully.
C:\Users\Pushyaraj\eclipse-workspace\Pavithra_FinalExam_Project\Reports\screenshots\Screenshot_09_02_2025_09_48_08
C:\Users\Pushyaraj\eclipse-workspace\Pavithra_FinalExam_Project\Reports\screenshots\Screenshot_09_02_2025_09_48_09
11
Financial terms of the winning bid
Price offered
(per $100 of the nominal amount)
98.96277
Maturity
Nominal value
($)
Annual
coupon rate
(%) (1)
February 10, 2026
427 000
3.10
February 10, 2027
445 000
3.20
February 10, 2028
463 000
3.30
February 10, 2029
483 000
3.40
February 10, 2030 (2)
3 191 000
3.55
Total
5 009 000
n/a
Borrower’s cost (3)
3.76953 %
Weighted average maturity based on nominal value of the bonds issue
49 months
Excel file created successfully.
C:\Users\Pushyaraj\eclipse-workspace\Pavithra_FinalExam_Project\Reports\screenshots\Screenshot_09_02_2025_09_48_12
C:\Users\Pushyaraj\eclipse-workspace\Pavithra_FinalExam_Project\Reports\screenshots\Screenshot_09_02_2025_09_48_13
11
Financial terms of the winning bid
Price offered
(per $100 of the nominal amount)
99.61900
Maturity
Nominal value
($)
Annual
coupon rate
(%) (1)
February 10, 2026
649 000
3.30
February 10, 2027
675 000
3.40
February 10, 2028
702 000
3.50
February 10, 2029
731 000
3.60
February 10, 2030 (2)
3 746 000
3.70
Total
6 503 000
n/a
Borrower’s cost (3)
3.74993 %
Weighted average maturity based on nominal value of the bonds issue
48 months
Excel file created successfully.
C:\Users\Pushyaraj\eclipse-workspace\Pavithra_FinalExam_Project\Reports\screenshots\Screenshot_09_02_2025_09_48_16
C:\Users\Pushyaraj\eclipse-workspace\Pavithra_FinalExam_Project\Reports\screenshots\Screenshot_09_02_2025_09_48_17
11
Financial terms of the winning bid
Price offered
(per $100 of the nominal amount)
98.50400
Maturity
Nominal value
($)
Annual
coupon rate
(%) (1)
February 10, 2026
246 000
3.10
February 10, 2027
256 000
3.15
February 10, 2028
266 000
3.20
February 10, 2029
276 000
3.35
February 10, 2030 (2)
1 906 000
3.45
Total
2 950 000
n/a
Borrower’s cost (3)
3.80100 %
Weighted average maturity based on nominal value of the bonds issue
50 months
Excel file created successfully.
C:\Users\Pushyaraj\eclipse-workspace\Pavithra_FinalExam_Project\Reports\screenshots\Screenshot_09_02_2025_09_48_20
C:\Users\Pushyaraj\eclipse-workspace\Pavithra_FinalExam_Project\Reports\screenshots\Screenshot_09_02_2025_09_48_21
11
Financial terms of the winning bid
Price offered
(per $100 of the nominal amount)
98.79850
Maturity
Nominal value
($)
Annual
coupon rate
(%) (1)
February 10, 2026
215 000
3.10
February 10, 2027
223 000
3.20
February 10, 2028
232 000
3.30
February 10, 2029
241 000
3.40
February 10, 2030 (2)
3 787 000
3.55
Total
4 698 000
n/a
Borrower’s cost (3)
3.81505 %
Weighted average maturity based on nominal value of the bonds issue
54 months
Excel file created successfully.
C:\Users\Pushyaraj\eclipse-workspace\Pavithra_FinalExam_Project\Reports\screenshots\Screenshot_09_02_2025_09_48_24
]]></system-out>
    <system-err><![CDATA[Feb 09, 2025 9:46:26 A.M. org.openqa.selenium.devtools.CdpVersionFinder findNearestMatch
WARNING: Unable to find an exact match for CDP version 133, returning the closest version; found: 131; Please update to a Selenium version that supports CDP version 133
]]></system-err>
  </testcase>
</testsuite>