<?xml version="1.0" encoding="UTF-8"?>
<testng-results ignored="0" total="1" passed="1" failed="0" skipped="0">
  <reporter-output>
  </reporter-output>
  <suite started-at="2025-02-09T09:46:22 EST" name="Suite" finished-at="2025-02-09T09:48:26 EST" duration-ms="124482">
    <groups>
    </groups>
    <test started-at="2025-02-09T09:46:22 EST" name="Test" finished-at="2025-02-09T09:48:26 EST" duration-ms="124482">
      <class name="com.testSuite.TC_captureTableContent">
        <test-method is-config="true" signature="setupBrowser()[pri:0, instance:com.testSuite.TC_captureTableContent@7880cdf3]" started-at="2025-02-09T09:46:22 EST" name="setupBrowser" finished-at="2025-02-09T09:46:28 EST" duration-ms="6632" status="PASS">
          <reporter-output>
          </reporter-output>
        </test-method> <!-- setupBrowser -->
        <test-method is-config="true" signature="initializePageClass()[pri:0, instance:com.testSuite.TC_captureTableContent@7880cdf3]" started-at="2025-02-09T09:46:28 EST" name="initializePageClass" finished-at="2025-02-09T09:46:28 EST" duration-ms="47" status="PASS">
          <reporter-output>
          </reporter-output>
        </test-method> <!-- initializePageClass -->
        <test-method is-config="true" signature="beforeMethod(java.lang.reflect.Method)[pri:0, instance:com.testSuite.TC_captureTableContent@7880cdf3]" started-at="2025-02-09T09:46:28 EST" name="beforeMethod" finished-at="2025-02-09T09:46:28 EST" duration-ms="11" status="PASS">
          <params>
            <param index="0">
              <value>
                <![CDATA[public void com.testSuite.TC_captureTableContent.testmethod1() throws java.io.IOException,java.lang.InterruptedException]]>
              </value>
            </param>
          </params>
          <reporter-output>
          </reporter-output>
        </test-method> <!-- beforeMethod -->
        <test-method signature="testmethod1()[pri:0, instance:com.testSuite.TC_captureTableContent@7880cdf3]" started-at="2025-02-09T09:46:28 EST" name="testmethod1" finished-at="2025-02-09T09:48:25 EST" duration-ms="116883" status="PASS">
          <reporter-output>
          </reporter-output>
        </test-method> <!-- testmethod1 -->
        <test-method is-config="true" signature="afterMethod(org.testng.ITestResult)[pri:0, instance:com.testSuite.TC_captureTableContent@7880cdf3]" started-at="2025-02-09T09:48:25 EST" name="afterMethod" finished-at="2025-02-09T09:48:25 EST" duration-ms="86" status="PASS">
          <params>
            <param index="0">
              <value>
                <![CDATA[[TestResult name=testmethod1 status=SUCCESS method=TC_captureTableContent.testmethod1()[pri:0, instance:com.testSuite.TC_captureTableContent@7880cdf3] output={null}]]]>
              </value>
            </param>
          </params>
          <reporter-output>
          </reporter-output>
        </test-method> <!-- afterMethod -->
        <test-method is-config="true" signature="afterTest()[pri:0, instance:com.testSuite.TC_captureTableContent@7880cdf3]" started-at="2025-02-09T09:48:25 EST" name="afterTest" finished-at="2025-02-09T09:48:26 EST" duration-ms="777" status="PASS">
          <reporter-output>
          </reporter-output>
        </test-method> <!-- afterTest -->
      </class> <!-- com.testSuite.TC_captureTableContent -->
    </test> <!-- Test -->
  </suite> <!-- Suite -->
</testng-results>
